<html>
<head>
<title>TestNG:  chromeTest</title>
<link href="../testng.css" rel="stylesheet" type="text/css" />
<link href="../my-testng.css" rel="stylesheet" type="text/css" />

<style type="text/css">
.log { display: none;} 
.stack-trace { display: none;} 
</style>
<script type="text/javascript">
<!--
function flip(e) {
  current = e.style.display;
  if (current == 'block') {
    e.style.display = 'none';
    return 0;
  }
  else {
    e.style.display = 'block';
    return 1;
  }
}

function toggleBox(szDivId, elem, msg1, msg2)
{
  var res = -1;  if (document.getElementById) {
    res = flip(document.getElementById(szDivId));
  }
  else if (document.all) {
    // this is the way old msie versions work
    res = flip(document.all[szDivId]);
  }
  if(elem) {
    if(res == 0) elem.innerHTML = msg1; else elem.innerHTML = msg2;
  }

}

function toggleAllBoxes() {
  if (document.getElementsByTagName) {
    d = document.getElementsByTagName('div');
    for (i = 0; i < d.length; i++) {
      if (d[i].className == 'log') {
        flip(d[i]);
      }
    }
  }
}

// -->
</script>

</head>
<body>
<h2 align='center'>chromeTest</h2><table border='1' align="center">
<tr>
<td>Tests passed/Failed/Skipped:</td><td>43/1/0</td>
</tr><tr>
<td>Started on:</td><td>Mon Jul 11 16:35:25 IDT 2022</td>
</tr>
<tr><td>Total time:</td><td>251 seconds (251873 ms)</td>
</tr><tr>
<td>Included groups:</td><td></td>
</tr><tr>
<td>Excluded groups:</td><td></td>
</tr>
</table><p/>
<small><i>(Hover the method name to see the test class name)</i></small><p/>
<table width='100%' border='1' class='invocation-failed'>
<tr><td colspan='4' align='center'><b>FAILED TESTS</b></td></tr>
<tr><td><b>Test method</b></td>
<td width="30%"><b>Exception</b></td>
<td width="10%"><b>Time (seconds)</b></td>
<td><b>Instance</b></td>
</tr>
<tr>
<td title='Test.Group2_GUITest.TestCase2_1_2_1_1()'><b>TestCase2_1_2_1_1</b><br>Test class: Test.Group2_GUITest<br>Parameters: Chrome</td>
<td><div><pre>java.lang.IllegalArgumentException: ScreenCapture path cannot be null or empty
	at com.aventstack.extentreports.MediaEntityBuilder.createScreenCaptureFromPath(MediaEntityBuilder.java:34)
	at com.aventstack.extentreports.MediaEntityBuilder.createScreenCaptureFromPath(MediaEntityBuilder.java:40)
	at Test.ResultsFileBuilder.SendTestResult(ResultsFileBuilder.java:85)
	at Test.Group2_GUITest.TestCase2_1_2_1_1(Group2_GUITest.java:64)
	at java.base/java.util.ArrayList.forEach(ArrayList.java:1511)
	at java.base/java.util.concurrent.FutureTask.run(FutureTask.java:264)
	at java.base/java.util.concurrent.ThreadPoolExecutor.runWorker(ThreadPoolExecutor.java:1136)
	at java.base/java.util.concurrent.ThreadPoolExecutor$Worker.run(ThreadPoolExecutor.java:635)
	at java.base/java.lang.Thread.run(Thread.java:833)
... Removed 18 stack frames</pre></div><a href='#' onClick='toggleBox("stack-trace711280466", this, "Click to show all stack frames", "Click to hide stack frames")'>Click to show all stack frames</a>
<div class='stack-trace' id='stack-trace711280466'><pre>java.lang.IllegalArgumentException: ScreenCapture path cannot be null or empty
	at com.aventstack.extentreports.MediaEntityBuilder.createScreenCaptureFromPath(MediaEntityBuilder.java:34)
	at com.aventstack.extentreports.MediaEntityBuilder.createScreenCaptureFromPath(MediaEntityBuilder.java:40)
	at Test.ResultsFileBuilder.SendTestResult(ResultsFileBuilder.java:85)
	at Test.Group2_GUITest.TestCase2_1_2_1_1(Group2_GUITest.java:64)
	at java.base/jdk.internal.reflect.NativeMethodAccessorImpl.invoke0(Native Method)
	at java.base/jdk.internal.reflect.NativeMethodAccessorImpl.invoke(NativeMethodAccessorImpl.java:77)
	at java.base/jdk.internal.reflect.DelegatingMethodAccessorImpl.invoke(DelegatingMethodAccessorImpl.java:43)
	at java.base/java.lang.reflect.Method.invoke(Method.java:568)
	at org.testng.internal.MethodInvocationHelper.invokeMethod(MethodInvocationHelper.java:133)
	at org.testng.internal.TestInvoker.invokeMethod(TestInvoker.java:598)
	at org.testng.internal.TestInvoker.invokeTestMethod(TestInvoker.java:173)
	at org.testng.internal.MethodRunner.runInSequence(MethodRunner.java:46)
	at org.testng.internal.TestInvoker$MethodInvocationAgent.invoke(TestInvoker.java:824)
	at org.testng.internal.TestInvoker.invokeTestMethods(TestInvoker.java:146)
	at org.testng.internal.TestMethodWorker.invokeTestMethods(TestMethodWorker.java:146)
	at org.testng.internal.TestMethodWorker.run(TestMethodWorker.java:128)
	at java.base/java.util.ArrayList.forEach(ArrayList.java:1511)
	at org.testng.TestRunner.privateRun(TestRunner.java:794)
	at org.testng.TestRunner.run(TestRunner.java:596)
	at org.testng.SuiteRunner.runTest(SuiteRunner.java:377)
	at org.testng.SuiteRunner.access$000(SuiteRunner.java:28)
	at org.testng.SuiteRunner$SuiteWorker.run(SuiteRunner.java:418)
	at org.testng.internal.thread.ThreadUtil.lambda$execute$0(ThreadUtil.java:64)
	at java.base/java.util.concurrent.FutureTask.run(FutureTask.java:264)
	at java.base/java.util.concurrent.ThreadPoolExecutor.runWorker(ThreadPoolExecutor.java:1136)
	at java.base/java.util.concurrent.ThreadPoolExecutor$Worker.run(ThreadPoolExecutor.java:635)
	at java.base/java.lang.Thread.run(Thread.java:833)
</pre></div></td>
<td>14</td>
<td>Test.Group2_GUITest@4afcd809</td></tr>
</table><p>
<table width='100%' border='1' class='invocation-passed'>
<tr><td colspan='4' align='center'><b>PASSED TESTS</b></td></tr>
<tr><td><b>Test method</b></td>
<td width="30%"><b>Exception</b></td>
<td width="10%"><b>Time (seconds)</b></td>
<td><b>Instance</b></td>
</tr>
<tr>
<td title='Test.Group7_InternationalityTest.TestCase7_3()'><b>TestCase7_3</b><br>Test class: Test.Group7_InternationalityTest<br>Parameters: Chrome</td>
<td></td>
<td>1</td>
<td>Test.Group7_InternationalityTest@1d296da</td></tr>
<tr>
<td title='Test.Group9_CompatibilityTest.TestCase9_1()'><b>TestCase9_1</b><br>Test class: Test.Group9_CompatibilityTest<br>Parameters: Chrome</td>
<td></td>
<td>2</td>
<td>Test.Group9_CompatibilityTest@75d4a5c2</td></tr>
<tr>
<td title='Test.Group3_UsefulnessTest.TestCase3_1_3()'><b>TestCase3_1_3</b><br>Test class: Test.Group3_UsefulnessTest<br>Parameters: Chrome</td>
<td></td>
<td>0</td>
<td>Test.Group3_UsefulnessTest@175c2241</td></tr>
<tr>
<td title='Test.Group2_GUITest.TestCase2_1_1()'><b>TestCase2_1_1</b><br>Test class: Test.Group2_GUITest<br>Parameters: Chrome</td>
<td></td>
<td>5</td>
<td>Test.Group2_GUITest@4afcd809</td></tr>
<tr>
<td title='Test.Group10_AccessibilityTest.TestCase10_3()'><b>TestCase10_3</b><br>Test class: Test.Group10_AccessibilityTest<br>Parameters: Chrome</td>
<td></td>
<td>0</td>
<td>Test.Group10_AccessibilityTest@557caf28</td></tr>
<tr>
<td title='Test.Group10_AccessibilityTest.TestCase10_4()'><b>TestCase10_4</b><br>Test class: Test.Group10_AccessibilityTest<br>Parameters: Chrome</td>
<td></td>
<td>2</td>
<td>Test.Group10_AccessibilityTest@557caf28</td></tr>
<tr>
<td title='Test.Group7_InternationalityTest.TestCase7_1()'><b>TestCase7_1</b><br>Test class: Test.Group7_InternationalityTest<br>Parameters: Chrome</td>
<td></td>
<td>0</td>
<td>Test.Group7_InternationalityTest@1d296da</td></tr>
<tr>
<td title='Test.Group4_ProcessesTest.TestCase4_1_2()'><b>TestCase4_1_2</b><br>Test class: Test.Group4_ProcessesTest<br>Parameters: Chrome</td>
<td></td>
<td>0</td>
<td>Test.Group4_ProcessesTest@5bf0d49</td></tr>
<tr>
<td title='Test.Group2_GUITest.TestCase2_1_2_1_3()'><b>TestCase2_1_2_1_3</b><br>Test class: Test.Group2_GUITest<br>Parameters: Chrome</td>
<td></td>
<td>1</td>
<td>Test.Group2_GUITest@4afcd809</td></tr>
<tr>
<td title='Test.Group5_ConnectivityTest.TestCase5_1_2()'><b>TestCase5_1_2</b><br>Test class: Test.Group5_ConnectivityTest<br>Parameters: Chrome</td>
<td></td>
<td>0</td>
<td>Test.Group5_ConnectivityTest@5b7a5baa</td></tr>
<tr>
<td title='Test.Group6_RecoveryTest.TestCase6_3()'><b>TestCase6_3</b><br>Test class: Test.Group6_RecoveryTest<br>Parameters: Chrome</td>
<td></td>
<td>1</td>
<td>Test.Group6_RecoveryTest@776aec5c</td></tr>
<tr>
<td title='Test.Group2_GUITest.TestCase2_1_2_1_2()'><b>TestCase2_1_2_1_2</b><br>Test class: Test.Group2_GUITest<br>Parameters: Chrome</td>
<td></td>
<td>10</td>
<td>Test.Group2_GUITest@4afcd809</td></tr>
<tr>
<td title='Test.Group5_ConnectivityTest.TestCase5_1_1()'><b>TestCase5_1_1</b><br>Test class: Test.Group5_ConnectivityTest<br>Parameters: Chrome</td>
<td></td>
<td>2</td>
<td>Test.Group5_ConnectivityTest@5b7a5baa</td></tr>
<tr>
<td title='Test.Group9_CompatibilityTest.TestCase9_4()'><b>TestCase9_4</b><br>Test class: Test.Group9_CompatibilityTest<br>Parameters: Chrome</td>
<td></td>
<td>1</td>
<td>Test.Group9_CompatibilityTest@75d4a5c2</td></tr>
<tr>
<td title='Test.Group3_UsefulnessTest.TestCase3_1_2()'><b>TestCase3_1_2</b><br>Test class: Test.Group3_UsefulnessTest<br>Parameters: Chrome</td>
<td></td>
<td>0</td>
<td>Test.Group3_UsefulnessTest@175c2241</td></tr>
<tr>
<td title='Test.Group10_AccessibilityTest.TestCase10_1()'><b>TestCase10_1</b><br>Test class: Test.Group10_AccessibilityTest<br>Parameters: Chrome</td>
<td></td>
<td>0</td>
<td>Test.Group10_AccessibilityTest@557caf28</td></tr>
<tr>
<td title='Test.Group6_RecoveryTest.TestCase6_2()'><b>TestCase6_2</b><br>Test class: Test.Group6_RecoveryTest<br>Parameters: Chrome</td>
<td></td>
<td>1</td>
<td>Test.Group6_RecoveryTest@776aec5c</td></tr>
<tr>
<td title='Test.Group8_SecuringTest.TestCase8_4()'><b>TestCase8_4</b><br>Test class: Test.Group8_SecuringTest<br>Parameters: Chrome</td>
<td></td>
<td>1</td>
<td>Test.Group8_SecuringTest@7c7a06ec</td></tr>
<tr>
<td title='Test.Group11_InterfacesTest.TestCase11_2()'><b>TestCase11_2</b><br>Test class: Test.Group11_InterfacesTest<br>Parameters: Chrome</td>
<td></td>
<td>6</td>
<td>Test.Group11_InterfacesTest@408d971b</td></tr>
<tr>
<td title='Test.Group7_InternationalityTest.TestCase7_2()'><b>TestCase7_2</b><br>Test class: Test.Group7_InternationalityTest<br>Parameters: Chrome</td>
<td></td>
<td>1</td>
<td>Test.Group7_InternationalityTest@1d296da</td></tr>
<tr>
<td title='Test.Group5_ConnectivityTest.TestCase5_3()'><b>TestCase5_3</b><br>Test class: Test.Group5_ConnectivityTest<br>Parameters: Chrome</td>
<td></td>
<td>6</td>
<td>Test.Group5_ConnectivityTest@5b7a5baa</td></tr>
<tr>
<td title='Test.Group8_SecuringTest.TestCase8_3()'><b>TestCase8_3</b><br>Test class: Test.Group8_SecuringTest<br>Parameters: Chrome</td>
<td></td>
<td>1</td>
<td>Test.Group8_SecuringTest@7c7a06ec</td></tr>
<tr>
<td title='Test.Group4_ProcessesTest.TestCase4_1_1()'><b>TestCase4_1_1</b><br>Test class: Test.Group4_ProcessesTest<br>Parameters: Chrome</td>
<td></td>
<td>1</td>
<td>Test.Group4_ProcessesTest@5bf0d49</td></tr>
<tr>
<td title='Test.Group4_ProcessesTest.TestCase4_1_3()'><b>TestCase4_1_3</b><br>Test class: Test.Group4_ProcessesTest<br>Parameters: Chrome</td>
<td></td>
<td>1</td>
<td>Test.Group4_ProcessesTest@5bf0d49</td></tr>
<tr>
<td title='Test.Group3_UsefulnessTest.TestCase3_1_1()'><b>TestCase3_1_1</b><br>Test class: Test.Group3_UsefulnessTest<br>Parameters: Chrome</td>
<td></td>
<td>0</td>
<td>Test.Group3_UsefulnessTest@175c2241</td></tr>
<tr>
<td title='Test.Group8_SecuringTest.TestCase8_1()'><b>TestCase8_1</b><br>Test class: Test.Group8_SecuringTest<br>Parameters: Chrome</td>
<td></td>
<td>0</td>
<td>Test.Group8_SecuringTest@7c7a06ec</td></tr>
<tr>
<td title='Test.Group3_UsefulnessTest.TestCase3_1_4()'><b>TestCase3_1_4</b><br>Test class: Test.Group3_UsefulnessTest<br>Parameters: Chrome</td>
<td></td>
<td>1</td>
<td>Test.Group3_UsefulnessTest@175c2241</td></tr>
<tr>
<td title='Test.Group1_SanityTest.TestCase1_2_3()'><b>TestCase1_2_3</b><br>Test class: Test.Group1_SanityTest<br>Parameters: Chrome</td>
<td></td>
<td>1</td>
<td>Test.Group1_SanityTest@5e0e82ae</td></tr>
<tr>
<td title='Test.Group1_SanityTest.TestCase1_2_1()'><b>TestCase1_2_1</b><br>Test class: Test.Group1_SanityTest<br>Parameters: Chrome</td>
<td></td>
<td>2</td>
<td>Test.Group1_SanityTest@5e0e82ae</td></tr>
<tr>
<td title='Test.Group9_CompatibilityTest.TestCase9_3()'><b>TestCase9_3</b><br>Test class: Test.Group9_CompatibilityTest<br>Parameters: Chrome</td>
<td></td>
<td>2</td>
<td>Test.Group9_CompatibilityTest@75d4a5c2</td></tr>
<tr>
<td title='Test.Group11_InterfacesTest.TestCase11_1()'><b>TestCase11_1</b><br>Test class: Test.Group11_InterfacesTest<br>Parameters: Chrome</td>
<td></td>
<td>0</td>
<td>Test.Group11_InterfacesTest@408d971b</td></tr>
<tr>
<td title='Test.Group9_CompatibilityTest.TestCase9_2()'><b>TestCase9_2</b><br>Test class: Test.Group9_CompatibilityTest<br>Parameters: Chrome</td>
<td></td>
<td>0</td>
<td>Test.Group9_CompatibilityTest@75d4a5c2</td></tr>
<tr>
<td title='Test.Group6_RecoveryTest.TestCase6_1()'><b>TestCase6_1</b><br>Test class: Test.Group6_RecoveryTest<br>Parameters: Chrome</td>
<td></td>
<td>5</td>
<td>Test.Group6_RecoveryTest@776aec5c</td></tr>
<tr>
<td title='Test.Group11_InterfacesTest.TestCase11_4()'><b>TestCase11_4</b><br>Test class: Test.Group11_InterfacesTest<br>Parameters: Chrome</td>
<td></td>
<td>2</td>
<td>Test.Group11_InterfacesTest@408d971b</td></tr>
<tr>
<td title='Test.Group6_RecoveryTest.TestCase6_4()'><b>TestCase6_4</b><br>Test class: Test.Group6_RecoveryTest<br>Parameters: Chrome</td>
<td></td>
<td>1</td>
<td>Test.Group6_RecoveryTest@776aec5c</td></tr>
<tr>
<td title='Test.Group1_SanityTest.TestCase1_1_1()'><b>TestCase1_1_1</b><br>Test class: Test.Group1_SanityTest<br>Parameters: Chrome</td>
<td></td>
<td>1</td>
<td>Test.Group1_SanityTest@5e0e82ae</td></tr>
<tr>
<td title='Test.Group1_SanityTest.TestCase1_2_2()'><b>TestCase1_2_2</b><br>Test class: Test.Group1_SanityTest<br>Parameters: Chrome</td>
<td></td>
<td>1</td>
<td>Test.Group1_SanityTest@5e0e82ae</td></tr>
<tr>
<td title='Test.Group10_AccessibilityTest.TestCase10_2()'><b>TestCase10_2</b><br>Test class: Test.Group10_AccessibilityTest<br>Parameters: Chrome</td>
<td></td>
<td>1</td>
<td>Test.Group10_AccessibilityTest@557caf28</td></tr>
<tr>
<td title='Test.Group5_ConnectivityTest.TestCase5_4()'><b>TestCase5_4</b><br>Test class: Test.Group5_ConnectivityTest<br>Parameters: Chrome</td>
<td></td>
<td>0</td>
<td>Test.Group5_ConnectivityTest@5b7a5baa</td></tr>
<tr>
<td title='Test.Group7_InternationalityTest.TestCase7_4()'><b>TestCase7_4</b><br>Test class: Test.Group7_InternationalityTest<br>Parameters: Chrome</td>
<td></td>
<td>1</td>
<td>Test.Group7_InternationalityTest@1d296da</td></tr>
<tr>
<td title='Test.Group4_ProcessesTest.TestCase4_1_4()'><b>TestCase4_1_4</b><br>Test class: Test.Group4_ProcessesTest<br>Parameters: Chrome</td>
<td></td>
<td>1</td>
<td>Test.Group4_ProcessesTest@5bf0d49</td></tr>
<tr>
<td title='Test.Group8_SecuringTest.TestCase8_2()'><b>TestCase8_2</b><br>Test class: Test.Group8_SecuringTest<br>Parameters: Chrome</td>
<td></td>
<td>0</td>
<td>Test.Group8_SecuringTest@7c7a06ec</td></tr>
<tr>
<td title='Test.Group11_InterfacesTest.TestCase11_3()'><b>TestCase11_3</b><br>Test class: Test.Group11_InterfacesTest<br>Parameters: Chrome</td>
<td></td>
<td>0</td>
<td>Test.Group11_InterfacesTest@408d971b</td></tr>
</table><p>
</body>
</html>