<!DOCTYPE html>

<html>
  <head>
  <meta charset='utf-8'>
  <title>TestNG reports</title>

    <link type="text/css" href="testng-reports1.css" rel="stylesheet" id="ultra" />
    <link type="text/css" href="testng-reports.css" rel="stylesheet" id="retro" disabled="false"/>
    <script type="text/javascript" src="jquery.min.js"></script>
    <script type="text/javascript" src="testng-reports.js"></script>
    <script type="text/javascript" src="https://www.google.com/jsapi"></script>
    <script type='text/javascript'>
      google.load('visualization', '1', {packages:['table']});
      google.setOnLoadCallback(drawTable);
      var suiteTableInitFunctions = new Array();
      var suiteTableData = new Array();
    </script>
    <!--
      <script type="text/javascript" src="jquery-ui/js/jquery-ui-1.8.16.custom.min.js"></script>
     -->
  </head>

  <body>
    <div class="top-banner-root">
      <span class="top-banner-title-font">Test results</span>
      <button id="button" class="button">Switch Retro Theme</button> <!-- button -->
      <br/>
      <span class="top-banner-font-1">1 suite, 4 failed tests</span>
    </div> <!-- top-banner-root -->
    <div class="navigator-root">
      <div class="navigator-suite-header">
        <span>All suites</span>
        <a href="#" title="Collapse/expand all the suites" class="collapse-all-link">
          <img src="collapseall.gif" class="collapse-all-icon">
          </img> <!-- collapse-all-icon -->
        </a> <!-- collapse-all-link -->
      </div> <!-- navigator-suite-header -->
      <div class="suite">
        <div class="rounded-window">
          <div class="suite-header light-rounded-window-top">
            <a href="#" panel-name="suite-TestAll" class="navigator-link">
              <span class="suite-name border-failed">TestAll</span>
            </a> <!-- navigator-link -->
          </div> <!-- suite-header light-rounded-window-top -->
          <div class="navigator-suite-content">
            <div class="suite-section-title">
              <span>Info</span>
            </div> <!-- suite-section-title -->
            <div class="suite-section-content">
              <ul>
                <li>
                  <a href="#" panel-name="test-xml-TestAll" class="navigator-link ">
                    <span>C:\Users\arnon\git\shareAutomationProject1\src\test\java\testng.xml</span>
                  </a> <!-- navigator-link  -->
                </li>
                <li>
                  <a href="#" panel-name="testlist-TestAll" class="navigator-link ">
                    <span class="test-stats">3 tests</span>
                  </a> <!-- navigator-link  -->
                </li>
                <li>
                  <a href="#" panel-name="group-TestAll" class="navigator-link ">
                    <span>2 groups</span>
                  </a> <!-- navigator-link  -->
                </li>
                <li>
                  <a href="#" panel-name="times-TestAll" class="navigator-link ">
                    <span>Times</span>
                  </a> <!-- navigator-link  -->
                </li>
                <li>
                  <a href="#" panel-name="reporter-TestAll" class="navigator-link ">
                    <span>Reporter output</span>
                  </a> <!-- navigator-link  -->
                </li>
                <li>
                  <a href="#" panel-name="ignored-methods-TestAll" class="navigator-link ">
                    <span>Ignored methods</span>
                  </a> <!-- navigator-link  -->
                </li>
                <li>
                  <a href="#" panel-name="chronological-TestAll" class="navigator-link ">
                    <span>Chronological view</span>
                  </a> <!-- navigator-link  -->
                </li>
              </ul>
            </div> <!-- suite-section-content -->
            <div class="result-section">
              <div class="suite-section-title">
                <span>Results</span>
              </div> <!-- suite-section-title -->
              <div class="suite-section-content">
                <ul>
                  <li>
                    <span class="method-stats">15 methods, 4 failed,   11 passed</span>
                  </li>
                  <li>
                    <span class="method-list-title failed">Failed methods</span>
                    <span class="show-or-hide-methods failed">
                      <a href="#" panel-name="suite-TestAll" class="hide-methods failed suite-TestAll"> (hide)</a> <!-- hide-methods failed suite-TestAll -->
                      <a href="#" panel-name="suite-TestAll" class="show-methods failed suite-TestAll"> (show)</a> <!-- show-methods failed suite-TestAll -->
                    </span>
                    <div class="method-list-content failed suite-TestAll">
                      <span>
                        <img src="failed.png" width="3%"/>
                        <a href="#" panel-name="suite-TestAll" title="Test.Group11_InterfacesTest" class="method navigator-link" hash-for-method="TestCase2(Edge)">TestCase2(Edge)</a> <!-- method navigator-link -->
                      </span>
                      <br/>
                      <span>
                        <img src="failed.png" width="3%"/>
                        <a href="#" panel-name="suite-TestAll" title="Test.Group1_SanityTest" class="method navigator-link" hash-for-method="TestCase3(chrome)">TestCase3(chrome)</a> <!-- method navigator-link -->
                      </span>
                      <br/>
                      <span>
                        <img src="failed.png" width="3%"/>
                        <a href="#" panel-name="suite-TestAll" title="Test.Group1_SanityTest" class="method navigator-link" hash-for-method="TestCase3(Edge)">TestCase3(Edge)</a> <!-- method navigator-link -->
                      </span>
                      <br/>
                      <span>
                        <img src="failed.png" width="3%"/>
                        <a href="#" panel-name="suite-TestAll" title="Test.Group1_SanityTest" class="method navigator-link" hash-for-method="TestCase3(Firefox)">TestCase3(Firefox)</a> <!-- method navigator-link -->
                      </span>
                      <br/>
                    </div> <!-- method-list-content failed suite-TestAll -->
                  </li>
                  <li>
                    <span class="method-list-title passed">Passed methods</span>
                    <span class="show-or-hide-methods passed">
                      <a href="#" panel-name="suite-TestAll" class="hide-methods passed suite-TestAll"> (hide)</a> <!-- hide-methods passed suite-TestAll -->
                      <a href="#" panel-name="suite-TestAll" class="show-methods passed suite-TestAll"> (show)</a> <!-- show-methods passed suite-TestAll -->
                    </span>
                    <div class="method-list-content passed suite-TestAll">
                      <span>
                        <img src="passed.png" width="3%"/>
                        <a href="#" panel-name="suite-TestAll" title="Test.Group11_InterfacesTest" class="method navigator-link" hash-for-method="TestCase1(chrome)">TestCase1(chrome)</a> <!-- method navigator-link -->
                      </span>
                      <br/>
                      <span>
                        <img src="passed.png" width="3%"/>
                        <a href="#" panel-name="suite-TestAll" title="Test.Group1_SanityTest" class="method navigator-link" hash-for-method="TestCase1(chrome)">TestCase1(chrome)</a> <!-- method navigator-link -->
                      </span>
                      <br/>
                      <span>
                        <img src="passed.png" width="3%"/>
                        <a href="#" panel-name="suite-TestAll" title="Test.Group11_InterfacesTest" class="method navigator-link" hash-for-method="TestCase1(Edge)">TestCase1(Edge)</a> <!-- method navigator-link -->
                      </span>
                      <br/>
                      <span>
                        <img src="passed.png" width="3%"/>
                        <a href="#" panel-name="suite-TestAll" title="Test.Group1_SanityTest" class="method navigator-link" hash-for-method="TestCase1(Edge)">TestCase1(Edge)</a> <!-- method navigator-link -->
                      </span>
                      <br/>
                      <span>
                        <img src="passed.png" width="3%"/>
                        <a href="#" panel-name="suite-TestAll" title="Test.Group11_InterfacesTest" class="method navigator-link" hash-for-method="TestCase1(Firefox)">TestCase1(Firefox)</a> <!-- method navigator-link -->
                      </span>
                      <br/>
                      <span>
                        <img src="passed.png" width="3%"/>
                        <a href="#" panel-name="suite-TestAll" title="Test.Group1_SanityTest" class="method navigator-link" hash-for-method="TestCase1(Firefox)">TestCase1(Firefox)</a> <!-- method navigator-link -->
                      </span>
                      <br/>
                      <span>
                        <img src="passed.png" width="3%"/>
                        <a href="#" panel-name="suite-TestAll" title="Test.Group1_SanityTest" class="method navigator-link" hash-for-method="TestCase2(chrome)">TestCase2(chrome)</a> <!-- method navigator-link -->
                      </span>
                      <br/>
                      <span>
                        <img src="passed.png" width="3%"/>
                        <a href="#" panel-name="suite-TestAll" title="Test.Group11_InterfacesTest" class="method navigator-link" hash-for-method="TestCase2(chrome)">TestCase2(chrome)</a> <!-- method navigator-link -->
                      </span>
                      <br/>
                      <span>
                        <img src="passed.png" width="3%"/>
                        <a href="#" panel-name="suite-TestAll" title="Test.Group1_SanityTest" class="method navigator-link" hash-for-method="TestCase2(Edge)">TestCase2(Edge)</a> <!-- method navigator-link -->
                      </span>
                      <br/>
                      <span>
                        <img src="passed.png" width="3%"/>
                        <a href="#" panel-name="suite-TestAll" title="Test.Group1_SanityTest" class="method navigator-link" hash-for-method="TestCase2(Firefox)">TestCase2(Firefox)</a> <!-- method navigator-link -->
                      </span>
                      <br/>
                      <span>
                        <img src="passed.png" width="3%"/>
                        <a href="#" panel-name="suite-TestAll" title="Test.Group11_InterfacesTest" class="method navigator-link" hash-for-method="TestCase2(Firefox)">TestCase2(Firefox)</a> <!-- method navigator-link -->
                      </span>
                      <br/>
                    </div> <!-- method-list-content passed suite-TestAll -->
                  </li>
                </ul>
              </div> <!-- suite-section-content -->
            </div> <!-- result-section -->
          </div> <!-- navigator-suite-content -->
        </div> <!-- rounded-window -->
      </div> <!-- suite -->
    </div> <!-- navigator-root -->
    <div class="wrapper">
      <div class="main-panel-root">
        <div panel-name="suite-TestAll" class="panel TestAll">
          <div class="suite-TestAll-class-failed">
            <div class="main-panel-header rounded-window-top">
              <img src="failed.png"/>
              <span class="class-name">Test.Group11_InterfacesTest</span>
            </div> <!-- main-panel-header rounded-window-top -->
            <div class="main-panel-content rounded-window-bottom">
              <div class="method">
                <div class="method-content">
                  <a name="TestCase2(Edge)">
                  </a> <!-- TestCase2(Edge) -->
                  <span class="method-name">TestCase2</span>
                  <span class="parameters">(Edge)</span>
                  <div class="stack-trace">org.openqa.selenium.remote.UnreachableBrowserException: Error communicating with the remote browser. It may have died.
Build info: version: &apos;4.1.4&apos;, revision: &apos;535d840ee2&apos;
System info: host: &apos;LAPTOP-NB3AD5GO&apos;, ip: &apos;192.168.1.161&apos;, os.name: &apos;Windows 11&apos;, os.arch: &apos;amd64&apos;, os.version: &apos;10.0&apos;, java.version: &apos;17.0.3.1&apos;
Driver info: org.openqa.selenium.edge.EdgeDriver
Command: [54d76b4390c306cca3dda24ff29cf6b2, screenshot {}]
Capabilities {acceptInsecureCerts: false, browserName: msedge, browserVersion: 103.0.1264.49, javascriptEnabled: true, ms:edgeOptions: {debuggerAddress: localhost:58238}, msedge: {msedgedriverVersion: 103.0.1264.49 (abaa9303c229..., userDataDir: C:\Users\arnon\AppData\Loca...}, networkConnectionEnabled: false, pageLoadStrategy: normal, platform: WINDOWS, platformName: WINDOWS, proxy: Proxy(), se:cdp: ws://localhost:58238/devtoo..., se:cdpVersion: 103.0.1264.49, setWindowRect: true, strictFileInteractability: false, timeouts: {implicit: 0, pageLoad: 300000, script: 30000}, unhandledPromptBehavior: dismiss and notify, webauthn:extension:credBlob: true, webauthn:extension:largeBlob: true, webauthn:virtualAuthenticators: true}
Session ID: 54d76b4390c306cca3dda24ff29cf6b2
	at org.openqa.selenium.remote.RemoteWebDriver.execute(RemoteWebDriver.java:591)
	at org.openqa.selenium.remote.RemoteWebDriver.execute(RemoteWebDriver.java:622)
	at org.openqa.selenium.remote.RemoteWebDriver.execute(RemoteWebDriver.java:626)
	at org.openqa.selenium.remote.RemoteWebDriver.getScreenshotAs(RemoteWebDriver.java:351)
	at Test.FuncFile.takeScreenImage(FuncFile.java:128)
	at Test.ResultsFileBuilder.ReportTestResult(ResultsFileBuilder.java:78)
	at Test.Group11_InterfacesTest.TestCase2(Group11_InterfacesTest.java:73)
	at java.base/java.util.ArrayList.forEach(ArrayList.java:1511)
	at java.base/java.util.concurrent.FutureTask.run(FutureTask.java:264)
	at java.base/java.util.concurrent.ThreadPoolExecutor.runWorker(ThreadPoolExecutor.java:1136)
	at java.base/java.util.concurrent.ThreadPoolExecutor$Worker.run(ThreadPoolExecutor.java:635)
	at java.base/java.lang.Thread.run(Thread.java:833)
Caused by: java.io.UncheckedIOException: java.net.SocketException: Connection reset
	at org.openqa.selenium.remote.http.netty.NettyHttpHandler.makeCall(NettyHttpHandler.java:73)
	at org.openqa.selenium.remote.http.AddSeleniumUserAgent.lambda$apply$0(AddSeleniumUserAgent.java:42)
	at org.openqa.selenium.remote.http.Filter.lambda$andFinally$1(Filter.java:56)
	at org.openqa.selenium.remote.http.netty.NettyHttpHandler.execute(NettyHttpHandler.java:49)
	at org.openqa.selenium.remote.http.AddSeleniumUserAgent.lambda$apply$0(AddSeleniumUserAgent.java:42)
	at org.openqa.selenium.remote.http.Filter.lambda$andFinally$1(Filter.java:56)
	at org.openqa.selenium.remote.http.netty.NettyClient.execute(NettyClient.java:97)
	at org.openqa.selenium.remote.HttpCommandExecutor.execute(HttpCommandExecutor.java:181)
	at org.openqa.selenium.remote.service.DriverCommandExecutor.invokeExecute(DriverCommandExecutor.java:167)
	at org.openqa.selenium.remote.service.DriverCommandExecutor.execute(DriverCommandExecutor.java:142)
	at org.openqa.selenium.remote.RemoteWebDriver.execute(RemoteWebDriver.java:567)
	... 29 more
Caused by: java.net.SocketException: Connection reset
	at java.base/sun.nio.ch.SocketChannelImpl.throwConnectionReset(SocketChannelImpl.java:394)
	at java.base/sun.nio.ch.SocketChannelImpl.read(SocketChannelImpl.java:426)
	at io.netty.buffer.PooledByteBuf.setBytes(PooledByteBuf.java:258)
	at io.netty.buffer.AbstractByteBuf.writeBytes(AbstractByteBuf.java:1132)
	at io.netty.channel.socket.nio.NioSocketChannel.doReadBytes(NioSocketChannel.java:357)
	at io.netty.channel.nio.AbstractNioByteChannel$NioByteUnsafe.read(AbstractNioByteChannel.java:151)
	at io.netty.channel.nio.NioEventLoop.processSelectedKey(NioEventLoop.java:722)
	at io.netty.channel.nio.NioEventLoop.processSelectedKeysOptimized(NioEventLoop.java:658)
	at io.netty.channel.nio.NioEventLoop.processSelectedKeys(NioEventLoop.java:584)
	at io.netty.channel.nio.NioEventLoop.run(NioEventLoop.java:496)
	at io.netty.util.concurrent.SingleThreadEventExecutor$4.run(SingleThreadEventExecutor.java:986)
	at io.netty.util.internal.ThreadExecutorMap$2.run(ThreadExecutorMap.java:74)
	at io.netty.util.concurrent.FastThreadLocalRunnable.run(FastThreadLocalRunnable.java:30)
	... 1 more
... Removed 18 stack frames
</div> <!-- stack-trace -->
                </div> <!-- method-content -->
              </div> <!-- method -->
            </div> <!-- main-panel-content rounded-window-bottom -->
          </div> <!-- suite-TestAll-class-failed -->
          <div class="suite-TestAll-class-failed">
            <div class="main-panel-header rounded-window-top">
              <img src="failed.png"/>
              <span class="class-name">Test.Group1_SanityTest</span>
            </div> <!-- main-panel-header rounded-window-top -->
            <div class="main-panel-content rounded-window-bottom">
              <div class="method">
                <div class="method-content">
                  <a name="TestCase3(chrome)">
                  </a> <!-- TestCase3(chrome) -->
                  <span class="method-name">TestCase3</span>
                  <span class="parameters">(chrome)</span>
                  <div class="stack-trace">org.openqa.selenium.NoSuchSessionException: Tried to run command without establishing a connection
Build info: version: &apos;4.1.4&apos;, revision: &apos;535d840ee2&apos;
System info: host: &apos;LAPTOP-NB3AD5GO&apos;, ip: &apos;192.168.1.161&apos;, os.name: &apos;Windows 11&apos;, os.arch: &apos;amd64&apos;, os.version: &apos;10.0&apos;, java.version: &apos;17.0.3.1&apos;
Driver info: org.openqa.selenium.firefox.FirefoxDriver
Command: [bddb3ba8-64f0-49b8-8d73-2e6511c9f85f, screenshot {}]
Capabilities {acceptInsecureCerts: true, browserName: firefox, browserVersion: 101.0.1, javascriptEnabled: true, moz:accessibilityChecks: false, moz:buildID: 20220608170832, moz:debuggerAddress: localhost:60257, moz:geckodriverVersion: 0.31.0, moz:headless: false, moz:processID: 28436, moz:profile: C:\Users\arnon\AppData\Loca..., moz:shutdownTimeout: 60000, moz:useNonSpecCompliantPointerOrigin: false, moz:webdriverClick: true, pageLoadStrategy: normal, platform: WINDOWS, platformName: WINDOWS, platformVersion: 10.0, proxy: Proxy(), se:cdp: ws://localhost:60257/devtoo..., se:cdpVersion: 85.0, setWindowRect: true, strictFileInteractability: false, timeouts: {implicit: 0, pageLoad: 300000, script: 30000}, unhandledPromptBehavior: dismiss and notify}
Session ID: bddb3ba8-64f0-49b8-8d73-2e6511c9f85f
	at org.openqa.selenium.remote.codec.w3c.W3CHttpResponseCodec.createException(W3CHttpResponseCodec.java:200)
	at org.openqa.selenium.remote.codec.w3c.W3CHttpResponseCodec.decode(W3CHttpResponseCodec.java:133)
	at org.openqa.selenium.remote.codec.w3c.W3CHttpResponseCodec.decode(W3CHttpResponseCodec.java:53)
	at org.openqa.selenium.remote.HttpCommandExecutor.execute(HttpCommandExecutor.java:184)
	at org.openqa.selenium.remote.service.DriverCommandExecutor.invokeExecute(DriverCommandExecutor.java:167)
	at org.openqa.selenium.remote.service.DriverCommandExecutor.execute(DriverCommandExecutor.java:142)
	at org.openqa.selenium.remote.RemoteWebDriver.execute(RemoteWebDriver.java:567)
	at org.openqa.selenium.remote.RemoteWebDriver.execute(RemoteWebDriver.java:622)
	at org.openqa.selenium.remote.RemoteWebDriver.execute(RemoteWebDriver.java:626)
	at org.openqa.selenium.remote.RemoteWebDriver.getScreenshotAs(RemoteWebDriver.java:351)
	at Test.FuncFile.takeScreenImage(FuncFile.java:128)
	at Test.ResultsFileBuilder.ReportTestResult(ResultsFileBuilder.java:78)
	at Test.Group1_SanityTest.TestCase3(Group1_SanityTest.java:92)
	at java.base/java.util.ArrayList.forEach(ArrayList.java:1511)
	at java.base/java.util.concurrent.FutureTask.run(FutureTask.java:264)
	at java.base/java.util.concurrent.ThreadPoolExecutor.runWorker(ThreadPoolExecutor.java:1136)
	at java.base/java.util.concurrent.ThreadPoolExecutor$Worker.run(ThreadPoolExecutor.java:635)
	at java.base/java.lang.Thread.run(Thread.java:833)
... Removed 23 stack frames
</div> <!-- stack-trace -->
                </div> <!-- method-content -->
              </div> <!-- method -->
              <div class="method">
                <div class="method-content">
                  <a name="TestCase3(Edge)">
                  </a> <!-- TestCase3(Edge) -->
                  <span class="method-name">TestCase3</span>
                  <span class="parameters">(Edge)</span>
                  <div class="stack-trace">org.openqa.selenium.NoSuchSessionException: Session ID is null. Using WebDriver after calling quit()?
Build info: version: &apos;4.1.4&apos;, revision: &apos;535d840ee2&apos;
System info: host: &apos;LAPTOP-NB3AD5GO&apos;, ip: &apos;192.168.1.161&apos;, os.name: &apos;Windows 11&apos;, os.arch: &apos;amd64&apos;, os.version: &apos;10.0&apos;, java.version: &apos;17.0.3.1&apos;
Driver info: org.openqa.selenium.firefox.FirefoxDriver
Command: [null, screenshot {}]
Capabilities {acceptInsecureCerts: true, browserName: firefox, browserVersion: 101.0.1, javascriptEnabled: true, moz:accessibilityChecks: false, moz:buildID: 20220608170832, moz:debuggerAddress: localhost:60257, moz:geckodriverVersion: 0.31.0, moz:headless: false, moz:processID: 28436, moz:profile: C:\Users\arnon\AppData\Loca..., moz:shutdownTimeout: 60000, moz:useNonSpecCompliantPointerOrigin: false, moz:webdriverClick: true, pageLoadStrategy: normal, platform: WINDOWS, platformName: WINDOWS, platformVersion: 10.0, proxy: Proxy(), se:cdp: ws://localhost:60257/devtoo..., se:cdpVersion: 85.0, setWindowRect: true, strictFileInteractability: false, timeouts: {implicit: 0, pageLoad: 300000, script: 30000}, unhandledPromptBehavior: dismiss and notify}
	at org.openqa.selenium.remote.HttpCommandExecutor.execute(HttpCommandExecutor.java:145)
	at org.openqa.selenium.remote.service.DriverCommandExecutor.invokeExecute(DriverCommandExecutor.java:167)
	at org.openqa.selenium.remote.service.DriverCommandExecutor.execute(DriverCommandExecutor.java:142)
	at org.openqa.selenium.remote.RemoteWebDriver.execute(RemoteWebDriver.java:567)
	at org.openqa.selenium.remote.RemoteWebDriver.execute(RemoteWebDriver.java:622)
	at org.openqa.selenium.remote.RemoteWebDriver.execute(RemoteWebDriver.java:626)
	at org.openqa.selenium.remote.RemoteWebDriver.getScreenshotAs(RemoteWebDriver.java:351)
	at Test.FuncFile.takeScreenImage(FuncFile.java:128)
	at Test.ResultsFileBuilder.ReportTestResult(ResultsFileBuilder.java:78)
	at Test.Group1_SanityTest.TestCase3(Group1_SanityTest.java:92)
	at java.base/java.util.ArrayList.forEach(ArrayList.java:1511)
	at java.base/java.util.concurrent.FutureTask.run(FutureTask.java:264)
	at java.base/java.util.concurrent.ThreadPoolExecutor.runWorker(ThreadPoolExecutor.java:1136)
	at java.base/java.util.concurrent.ThreadPoolExecutor$Worker.run(ThreadPoolExecutor.java:635)
	at java.base/java.lang.Thread.run(Thread.java:833)
... Removed 18 stack frames
</div> <!-- stack-trace -->
                </div> <!-- method-content -->
              </div> <!-- method -->
              <div class="method">
                <div class="method-content">
                  <a name="TestCase3(Firefox)">
                  </a> <!-- TestCase3(Firefox) -->
                  <span class="method-name">TestCase3</span>
                  <span class="parameters">(Firefox)</span>
                  <div class="stack-trace">org.openqa.selenium.NoSuchSessionException: Session ID is null. Using WebDriver after calling quit()?
Build info: version: &apos;4.1.4&apos;, revision: &apos;535d840ee2&apos;
System info: host: &apos;LAPTOP-NB3AD5GO&apos;, ip: &apos;192.168.1.161&apos;, os.name: &apos;Windows 11&apos;, os.arch: &apos;amd64&apos;, os.version: &apos;10.0&apos;, java.version: &apos;17.0.3.1&apos;
Driver info: org.openqa.selenium.firefox.FirefoxDriver
Command: [null, screenshot {}]
Capabilities {acceptInsecureCerts: true, browserName: firefox, browserVersion: 101.0.1, javascriptEnabled: true, moz:accessibilityChecks: false, moz:buildID: 20220608170832, moz:debuggerAddress: localhost:60257, moz:geckodriverVersion: 0.31.0, moz:headless: false, moz:processID: 28436, moz:profile: C:\Users\arnon\AppData\Loca..., moz:shutdownTimeout: 60000, moz:useNonSpecCompliantPointerOrigin: false, moz:webdriverClick: true, pageLoadStrategy: normal, platform: WINDOWS, platformName: WINDOWS, platformVersion: 10.0, proxy: Proxy(), se:cdp: ws://localhost:60257/devtoo..., se:cdpVersion: 85.0, setWindowRect: true, strictFileInteractability: false, timeouts: {implicit: 0, pageLoad: 300000, script: 30000}, unhandledPromptBehavior: dismiss and notify}
	at org.openqa.selenium.remote.HttpCommandExecutor.execute(HttpCommandExecutor.java:145)
	at org.openqa.selenium.remote.service.DriverCommandExecutor.invokeExecute(DriverCommandExecutor.java:167)
	at org.openqa.selenium.remote.service.DriverCommandExecutor.execute(DriverCommandExecutor.java:142)
	at org.openqa.selenium.remote.RemoteWebDriver.execute(RemoteWebDriver.java:567)
	at org.openqa.selenium.remote.RemoteWebDriver.execute(RemoteWebDriver.java:622)
	at org.openqa.selenium.remote.RemoteWebDriver.execute(RemoteWebDriver.java:626)
	at org.openqa.selenium.remote.RemoteWebDriver.getScreenshotAs(RemoteWebDriver.java:351)
	at Test.FuncFile.takeScreenImage(FuncFile.java:128)
	at Test.ResultsFileBuilder.ReportTestResult(ResultsFileBuilder.java:78)
	at Test.Group1_SanityTest.TestCase3(Group1_SanityTest.java:92)
	at java.base/java.util.ArrayList.forEach(ArrayList.java:1511)
	at java.base/java.util.concurrent.FutureTask.run(FutureTask.java:264)
	at java.base/java.util.concurrent.ThreadPoolExecutor.runWorker(ThreadPoolExecutor.java:1136)
	at java.base/java.util.concurrent.ThreadPoolExecutor$Worker.run(ThreadPoolExecutor.java:635)
	at java.base/java.lang.Thread.run(Thread.java:833)
... Removed 18 stack frames
</div> <!-- stack-trace -->
                </div> <!-- method-content -->
              </div> <!-- method -->
            </div> <!-- main-panel-content rounded-window-bottom -->
          </div> <!-- suite-TestAll-class-failed -->
          <div class="suite-TestAll-class-passed">
            <div class="main-panel-header rounded-window-top">
              <img src="passed.png"/>
              <span class="class-name">Test.Group11_InterfacesTest</span>
            </div> <!-- main-panel-header rounded-window-top -->
            <div class="main-panel-content rounded-window-bottom">
              <div class="method">
                <div class="method-content">
                  <a name="TestCase1(chrome)">
                  </a> <!-- TestCase1(chrome) -->
                  <span class="method-name">TestCase1</span>
                  <span class="parameters">(chrome)</span>
                </div> <!-- method-content -->
              </div> <!-- method -->
              <div class="method">
                <div class="method-content">
                  <a name="TestCase1(Edge)">
                  </a> <!-- TestCase1(Edge) -->
                  <span class="method-name">TestCase1</span>
                  <span class="parameters">(Edge)</span>
                </div> <!-- method-content -->
              </div> <!-- method -->
              <div class="method">
                <div class="method-content">
                  <a name="TestCase1(Firefox)">
                  </a> <!-- TestCase1(Firefox) -->
                  <span class="method-name">TestCase1</span>
                  <span class="parameters">(Firefox)</span>
                </div> <!-- method-content -->
              </div> <!-- method -->
              <div class="method">
                <div class="method-content">
                  <a name="TestCase2(chrome)">
                  </a> <!-- TestCase2(chrome) -->
                  <span class="method-name">TestCase2</span>
                  <span class="parameters">(chrome)</span>
                </div> <!-- method-content -->
              </div> <!-- method -->
              <div class="method">
                <div class="method-content">
                  <a name="TestCase2(Firefox)">
                  </a> <!-- TestCase2(Firefox) -->
                  <span class="method-name">TestCase2</span>
                  <span class="parameters">(Firefox)</span>
                </div> <!-- method-content -->
              </div> <!-- method -->
            </div> <!-- main-panel-content rounded-window-bottom -->
          </div> <!-- suite-TestAll-class-passed -->
          <div class="suite-TestAll-class-passed">
            <div class="main-panel-header rounded-window-top">
              <img src="passed.png"/>
              <span class="class-name">Test.Group1_SanityTest</span>
            </div> <!-- main-panel-header rounded-window-top -->
            <div class="main-panel-content rounded-window-bottom">
              <div class="method">
                <div class="method-content">
                  <a name="TestCase1(chrome)">
                  </a> <!-- TestCase1(chrome) -->
                  <span class="method-name">TestCase1</span>
                  <span class="parameters">(chrome)</span>
                </div> <!-- method-content -->
              </div> <!-- method -->
              <div class="method">
                <div class="method-content">
                  <a name="TestCase1(Edge)">
                  </a> <!-- TestCase1(Edge) -->
                  <span class="method-name">TestCase1</span>
                  <span class="parameters">(Edge)</span>
                </div> <!-- method-content -->
              </div> <!-- method -->
              <div class="method">
                <div class="method-content">
                  <a name="TestCase1(Firefox)">
                  </a> <!-- TestCase1(Firefox) -->
                  <span class="method-name">TestCase1</span>
                  <span class="parameters">(Firefox)</span>
                </div> <!-- method-content -->
              </div> <!-- method -->
              <div class="method">
                <div class="method-content">
                  <a name="TestCase2(chrome)">
                  </a> <!-- TestCase2(chrome) -->
                  <span class="method-name">TestCase2</span>
                  <span class="parameters">(chrome)</span>
                </div> <!-- method-content -->
              </div> <!-- method -->
              <div class="method">
                <div class="method-content">
                  <a name="TestCase2(Edge)">
                  </a> <!-- TestCase2(Edge) -->
                  <span class="method-name">TestCase2</span>
                  <span class="parameters">(Edge)</span>
                </div> <!-- method-content -->
              </div> <!-- method -->
              <div class="method">
                <div class="method-content">
                  <a name="TestCase2(Firefox)">
                  </a> <!-- TestCase2(Firefox) -->
                  <span class="method-name">TestCase2</span>
                  <span class="parameters">(Firefox)</span>
                </div> <!-- method-content -->
              </div> <!-- method -->
            </div> <!-- main-panel-content rounded-window-bottom -->
          </div> <!-- suite-TestAll-class-passed -->
        </div> <!-- panel TestAll -->
        <div panel-name="test-xml-TestAll" class="panel">
          <div class="main-panel-header rounded-window-top">
            <span class="header-content">C:\Users\arnon\git\shareAutomationProject1\src\test\java\testng.xml</span>
          </div> <!-- main-panel-header rounded-window-top -->
          <div class="main-panel-content rounded-window-bottom">
            <pre>
&lt;?xml version=&quot;1.0&quot; encoding=&quot;UTF-8&quot;?&gt;
&lt;!DOCTYPE suite SYSTEM &quot;https://testng.org/testng-1.0.dtd&quot;&gt;
&lt;suite thread-count=&quot;3&quot; parallel=&quot;tests&quot; name=&quot;TestAll&quot; guice-stage=&quot;DEVELOPMENT&quot;&gt;
  &lt;parameter name=&quot;path&quot; value=&quot;https://www.tripadvisor.co.il&quot;/&gt;
  &lt;parameter name=&quot;testExcelFilesPath&quot; value=&quot;C:\\my files\\testExcelFiles\\testFile1.xlsx&quot;/&gt;
  &lt;parameter name=&quot;TestVideoPath&quot; value=&quot;C:\my files\TestCaseVideos&quot;/&gt;
  &lt;parameter name=&quot;logFilesPath&quot; value=&quot;C:\my files\logFiles&quot;/&gt;
  &lt;parameter name=&quot;inputImageSikuli&quot; value=&quot;C:\my files\inputImagesSikuli&quot;/&gt;
  &lt;parameter name=&quot;TestImagesPath&quot; value=&quot;C:\my files\TestCaseImages&quot;/&gt;
  &lt;test thread-count=&quot;3&quot; parallel=&quot;tests&quot; name=&quot;chromeTest&quot;&gt;
    &lt;parameter name=&quot;browser&quot; value=&quot;chrome&quot;/&gt;
    &lt;classes&gt;
      &lt;class name=&quot;Test.Group1_SanityTest&quot;/&gt;
      &lt;class name=&quot;Test.Group11_InterfacesTest&quot;/&gt;
    &lt;/classes&gt;
  &lt;/test&gt; &lt;!-- chromeTest --&gt;
  &lt;test thread-count=&quot;3&quot; parallel=&quot;tests&quot; name=&quot;EdgeTest&quot;&gt;
    &lt;parameter name=&quot;browser&quot; value=&quot;Edge&quot;/&gt;
    &lt;classes&gt;
      &lt;class name=&quot;Test.Group1_SanityTest&quot;/&gt;
      &lt;class name=&quot;Test.Group11_InterfacesTest&quot;/&gt;
    &lt;/classes&gt;
  &lt;/test&gt; &lt;!-- EdgeTest --&gt;
  &lt;test thread-count=&quot;3&quot; parallel=&quot;tests&quot; name=&quot;FirefoxTest&quot;&gt;
    &lt;parameter name=&quot;browser&quot; value=&quot;Firefox&quot;/&gt;
    &lt;classes&gt;
      &lt;class name=&quot;Test.Group1_SanityTest&quot;/&gt;
      &lt;class name=&quot;Test.Group11_InterfacesTest&quot;/&gt;
    &lt;/classes&gt;
  &lt;/test&gt; &lt;!-- FirefoxTest --&gt;
&lt;/suite&gt; &lt;!-- TestAll --&gt;
            </pre>
          </div> <!-- main-panel-content rounded-window-bottom -->
        </div> <!-- panel -->
        <div panel-name="testlist-TestAll" class="panel">
          <div class="main-panel-header rounded-window-top">
            <span class="header-content">Tests for TestAll</span>
          </div> <!-- main-panel-header rounded-window-top -->
          <div class="main-panel-content rounded-window-bottom">
            <ul>
              <li>
                <span class="test-name">chromeTest (2 classes)</span>
              </li>
              <li>
                <span class="test-name">EdgeTest (2 classes)</span>
              </li>
              <li>
                <span class="test-name">FirefoxTest (2 classes)</span>
              </li>
            </ul>
          </div> <!-- main-panel-content rounded-window-bottom -->
        </div> <!-- panel -->
        <div panel-name="group-TestAll" class="panel">
          <div class="main-panel-header rounded-window-top">
            <span class="header-content">Groups for TestAll</span>
          </div> <!-- main-panel-header rounded-window-top -->
          <div class="main-panel-content rounded-window-bottom">
            <div class="test-group">
              <span class="test-group-name">Group11_InterfacesTest</span>
              <br/>
              <div class="method-in-group">
                <span class="method-in-group-name">TestCase1</span>
                <br/>
              </div> <!-- method-in-group -->
              <div class="method-in-group">
                <span class="method-in-group-name">TestCase2</span>
                <br/>
              </div> <!-- method-in-group -->
            </div> <!-- test-group -->
            <div class="test-group">
              <span class="test-group-name">SystemSanityTests</span>
              <br/>
              <div class="method-in-group">
                <span class="method-in-group-name">TestCase1</span>
                <br/>
              </div> <!-- method-in-group -->
              <div class="method-in-group">
                <span class="method-in-group-name">TestCase2</span>
                <br/>
              </div> <!-- method-in-group -->
              <div class="method-in-group">
                <span class="method-in-group-name">TestCase3</span>
                <br/>
              </div> <!-- method-in-group -->
            </div> <!-- test-group -->
          </div> <!-- main-panel-content rounded-window-bottom -->
        </div> <!-- panel -->
        <div panel-name="times-TestAll" class="panel">
          <div class="main-panel-header rounded-window-top">
            <span class="header-content">Times for TestAll</span>
          </div> <!-- main-panel-header rounded-window-top -->
          <div class="main-panel-content rounded-window-bottom">
            <div class="times-div">
              <script type="text/javascript">
suiteTableInitFunctions.push('tableData_TestAll');
function tableData_TestAll() {
var data = new google.visualization.DataTable();
data.addColumn('number', 'Number');
data.addColumn('string', 'Method');
data.addColumn('string', 'Class');
data.addColumn('number', 'Time (ms)');
data.addRows(15);
data.setCell(0, 0, 0)
data.setCell(0, 1, 'TestCase2')
data.setCell(0, 2, 'Test.Group11_InterfacesTest')
data.setCell(0, 3, 3337);
data.setCell(1, 0, 1)
data.setCell(1, 1, 'TestCase3')
data.setCell(1, 2, 'Test.Group1_SanityTest')
data.setCell(1, 3, 898);
data.setCell(2, 0, 2)
data.setCell(2, 1, 'TestCase1')
data.setCell(2, 2, 'Test.Group1_SanityTest')
data.setCell(2, 3, 871);
data.setCell(3, 0, 3)
data.setCell(3, 1, 'TestCase1')
data.setCell(3, 2, 'Test.Group11_InterfacesTest')
data.setCell(3, 3, 619);
data.setCell(4, 0, 4)
data.setCell(4, 1, 'TestCase2')
data.setCell(4, 2, 'Test.Group11_InterfacesTest')
data.setCell(4, 3, 610);
data.setCell(5, 0, 5)
data.setCell(5, 1, 'TestCase1')
data.setCell(5, 2, 'Test.Group1_SanityTest')
data.setCell(5, 3, 573);
data.setCell(6, 0, 6)
data.setCell(6, 1, 'TestCase2')
data.setCell(6, 2, 'Test.Group1_SanityTest')
data.setCell(6, 3, 507);
data.setCell(7, 0, 7)
data.setCell(7, 1, 'TestCase1')
data.setCell(7, 2, 'Test.Group11_InterfacesTest')
data.setCell(7, 3, 489);
data.setCell(8, 0, 8)
data.setCell(8, 1, 'TestCase2')
data.setCell(8, 2, 'Test.Group1_SanityTest')
data.setCell(8, 3, 476);
data.setCell(9, 0, 9)
data.setCell(9, 1, 'TestCase1')
data.setCell(9, 2, 'Test.Group1_SanityTest')
data.setCell(9, 3, 237);
data.setCell(10, 0, 10)
data.setCell(10, 1, 'TestCase2')
data.setCell(10, 2, 'Test.Group1_SanityTest')
data.setCell(10, 3, 225);
data.setCell(11, 0, 11)
data.setCell(11, 1, 'TestCase2')
data.setCell(11, 2, 'Test.Group11_InterfacesTest')
data.setCell(11, 3, 203);
data.setCell(12, 0, 12)
data.setCell(12, 1, 'TestCase1')
data.setCell(12, 2, 'Test.Group11_InterfacesTest')
data.setCell(12, 3, 168);
data.setCell(13, 0, 13)
data.setCell(13, 1, 'TestCase3')
data.setCell(13, 2, 'Test.Group1_SanityTest')
data.setCell(13, 3, 5);
data.setCell(14, 0, 14)
data.setCell(14, 1, 'TestCase3')
data.setCell(14, 2, 'Test.Group1_SanityTest')
data.setCell(14, 3, 2);
window.suiteTableData['TestAll']= { tableData: data, tableDiv: 'times-div-TestAll'}
return data;
}
              </script>
              <span class="suite-total-time">Total running time: 18 seconds</span>
              <div id="times-div-TestAll">
              </div> <!-- times-div-TestAll -->
            </div> <!-- times-div -->
          </div> <!-- main-panel-content rounded-window-bottom -->
        </div> <!-- panel -->
        <div panel-name="reporter-TestAll" class="panel">
          <div class="main-panel-header rounded-window-top">
            <span class="header-content">Reporter output for TestAll</span>
          </div> <!-- main-panel-header rounded-window-top -->
          <div class="main-panel-content rounded-window-bottom">
          </div> <!-- main-panel-content rounded-window-bottom -->
        </div> <!-- panel -->
        <div panel-name="ignored-methods-TestAll" class="panel">
          <div class="main-panel-header rounded-window-top">
            <span class="header-content">0 ignored methods</span>
          </div> <!-- main-panel-header rounded-window-top -->
          <div class="main-panel-content rounded-window-bottom">
          </div> <!-- main-panel-content rounded-window-bottom -->
        </div> <!-- panel -->
        <div panel-name="chronological-TestAll" class="panel">
          <div class="main-panel-header rounded-window-top">
            <span class="header-content">Methods in chronological order</span>
          </div> <!-- main-panel-header rounded-window-top -->
          <div class="main-panel-content rounded-window-bottom">
            <div class="chronological-class">
              <div class="chronological-class-name">Test.Group1_SanityTest</div> <!-- chronological-class-name -->
              <div class="configuration-class before">
                <span class="method-name">beforeGroup1_SystemSanityTests(chrome, https://www.tripadvisor.co.il)</span>
                <span class="method-start">0 ms</span>
              </div> <!-- configuration-class before -->
              <div class="configuration-class before">
                <span class="method-name">beforeGroup1_SystemSanityTests(Edge, https://www.tripadvisor.co.il)</span>
                <span class="method-start">0 ms</span>
              </div> <!-- configuration-class before -->
              <div class="configuration-class before">
                <span class="method-name">beforeGroup1_SystemSanityTests(Firefox, https://www.tripadvisor.co.il)</span>
                <span class="method-start">0 ms</span>
              </div> <!-- configuration-class before -->
              <div class="test-method">
                <span class="method-name">TestCase1(chrome)</span>
                <span class="method-start">5493 ms</span>
              </div> <!-- test-method -->
              <div class="test-method">
                <span class="method-name">TestCase1(Edge)</span>
                <span class="method-start">5942 ms</span>
              </div> <!-- test-method -->
              <div class="test-method">
                <span class="method-name">TestCase1(Firefox)</span>
                <span class="method-start">5959 ms</span>
              </div> <!-- test-method -->
            </div> <!-- chronological-class -->
            <div class="chronological-class">
              <div class="chronological-class-name">Test.Group11_InterfacesTest</div> <!-- chronological-class-name -->
              <div class="configuration-class before">
                <span class="method-name">beforeGroup11_InterfacesTest(Firefox, https://www.tripadvisor.co.il)</span>
                <span class="method-start">6225 ms</span>
              </div> <!-- configuration-class before -->
              <div class="configuration-class before">
                <span class="method-name">beforeGroup11_InterfacesTest(chrome, https://www.tripadvisor.co.il)</span>
                <span class="method-start">6366 ms</span>
              </div> <!-- configuration-class before -->
              <div class="configuration-class before">
                <span class="method-name">beforeGroup11_InterfacesTest(Edge, https://www.tripadvisor.co.il)</span>
                <span class="method-start">6522 ms</span>
              </div> <!-- configuration-class before -->
              <div class="test-method">
                <span class="method-name">TestCase1(chrome)</span>
                <span class="method-start">10362 ms</span>
              </div> <!-- test-method -->
            </div> <!-- chronological-class -->
            <div class="chronological-class">
              <div class="chronological-class-name">Test.Group1_SanityTest</div> <!-- chronological-class-name -->
              <div class="test-method">
                <span class="method-name">TestCase2(chrome)</span>
                <span class="method-start">10986 ms</span>
              </div> <!-- test-method -->
            </div> <!-- chronological-class -->
            <div class="chronological-class">
              <div class="chronological-class-name">Test.Group11_InterfacesTest</div> <!-- chronological-class-name -->
              <div class="test-method">
                <span class="method-name">TestCase2(chrome)</span>
                <span class="method-start">11464 ms</span>
              </div> <!-- test-method -->
              <div class="configuration-class after">
                <span class="method-name">AfterGroup11_InterfacesTest(chrome)</span>
                <span class="method-start">12077 ms</span>
              </div> <!-- configuration-class after -->
              <div class="test-method">
                <span class="method-name">TestCase1(Edge)</span>
                <span class="method-start">12628 ms</span>
              </div> <!-- test-method -->
            </div> <!-- chronological-class -->
            <div class="chronological-class">
              <div class="chronological-class-name">Test.Group1_SanityTest</div> <!-- chronological-class-name -->
              <div class="test-method">
                <span class="method-name">TestCase2(Edge)</span>
                <span class="method-start">13123 ms</span>
              </div> <!-- test-method -->
            </div> <!-- chronological-class -->
            <div class="chronological-class">
              <div class="chronological-class-name">Test.Group11_InterfacesTest</div> <!-- chronological-class-name -->
              <div class="test-method">
                <img src="failed.png">
                </img>
                <span class="method-name">TestCase2(Edge)</span>
                <span class="method-start">13632 ms</span>
              </div> <!-- test-method -->
              <div class="test-method">
                <span class="method-name">TestCase1(Firefox)</span>
                <span class="method-start">13979 ms</span>
              </div> <!-- test-method -->
            </div> <!-- chronological-class -->
            <div class="chronological-class">
              <div class="chronological-class-name">Test.Group1_SanityTest</div> <!-- chronological-class-name -->
              <div class="test-method">
                <span class="method-name">TestCase2(Firefox)</span>
                <span class="method-start">14149 ms</span>
              </div> <!-- test-method -->
            </div> <!-- chronological-class -->
            <div class="chronological-class">
              <div class="chronological-class-name">Test.Group11_InterfacesTest</div> <!-- chronological-class-name -->
              <div class="test-method">
                <span class="method-name">TestCase2(Firefox)</span>
                <span class="method-start">14376 ms</span>
              </div> <!-- test-method -->
              <div class="configuration-class after">
                <span class="method-name">AfterGroup11_InterfacesTest(Firefox)</span>
                <span class="method-start">14581 ms</span>
              </div> <!-- configuration-class after -->
              <div class="configuration-class after">
                <img src="failed.png">
                </img>
                <span class="method-name">AfterGroup11_InterfacesTest(Edge)</span>
                <span class="method-start">16975 ms</span>
              </div> <!-- configuration-class after -->
            </div> <!-- chronological-class -->
            <div class="chronological-class">
              <div class="chronological-class-name">Test.Group1_SanityTest</div> <!-- chronological-class-name -->
              <div class="test-method">
                <img src="failed.png">
                </img>
                <span class="method-name">TestCase3(chrome)</span>
                <span class="method-start">17010 ms</span>
              </div> <!-- test-method -->
              <div class="configuration-class after">
                <span class="method-name">AfterGroup1_SSystemSanityTests(chrome)</span>
                <span class="method-start">17911 ms</span>
              </div> <!-- configuration-class after -->
              <div class="test-method">
                <img src="failed.png">
                </img>
                <span class="method-name">TestCase3(Firefox)</span>
                <span class="method-start">17976 ms</span>
              </div> <!-- test-method -->
              <div class="test-method">
                <img src="failed.png">
                </img>
                <span class="method-name">TestCase3(Edge)</span>
                <span class="method-start">17984 ms</span>
              </div> <!-- test-method -->
              <div class="configuration-class after">
                <span class="method-name">AfterGroup1_SSystemSanityTests(Firefox)</span>
                <span class="method-start">17989 ms</span>
              </div> <!-- configuration-class after -->
              <div class="configuration-class after">
                <span class="method-name">AfterGroup1_SSystemSanityTests(Edge)</span>
                <span class="method-start">17997 ms</span>
              </div> <!-- configuration-class after -->
          </div> <!-- main-panel-content rounded-window-bottom -->
        </div> <!-- panel -->
      </div> <!-- main-panel-root -->
    </div> <!-- wrapper -->
  </body>
<script type="text/javascript" src="testng-reports2.js"></script>
</html>
